<?xml version="1.0" encoding="UTF-8"?>
<testng-results ignored="0" total="1" passed="1" failed="0" skipped="0">
  <reporter-output>
    <line>
      <![CDATA[database connected]]>
    </line>
    <line>
      <![CDATA[browser launch]]>
    </line>
    <line>
      <![CDATA[login successfully]]>
    </line>
    <line>
      <![CDATA[loged out successfully]]>
    </line>
    <line>
      <![CDATA[browser closed]]>
    </line>
    <line>
      <![CDATA[database disconnected]]>
    </line>
  </reporter-output>
  <suite started-at="2023-03-30T11:36:04 IST" name="Default suite" finished-at="2023-03-30T11:36:36 IST" duration-ms="31545">
    <groups>
    </groups>
    <test started-at="2023-03-30T11:36:04 IST" name="Default test" finished-at="2023-03-30T11:36:36 IST" duration-ms="31545">
      <class name="com.Actitime.Testscripts.TaskTest">
        <test-method is-config="true" signature="databaseconnection()[pri:0, instance:com.Actitime.Testscripts.TaskTest@614ca7df]" started-at="2023-03-30T11:36:04 IST" name="databaseconnection" finished-at="2023-03-30T11:36:04 IST" duration-ms="10" status="PASS">
          <reporter-output>
            <line>
              <![CDATA[database connected]]>
            </line>
          </reporter-output>
        </test-method> <!-- databaseconnection -->
        <test-method is-config="true" signature="launchbrowser()[pri:0, instance:com.Actitime.Testscripts.TaskTest@614ca7df]" started-at="2023-03-30T11:36:04 IST" name="launchbrowser" finished-at="2023-03-30T11:36:17 IST" duration-ms="12699" status="PASS">
          <reporter-output>
            <line>
              <![CDATA[browser launch]]>
            </line>
          </reporter-output>
        </test-method> <!-- launchbrowser -->
        <test-method is-config="true" signature="login()[pri:0, instance:com.Actitime.Testscripts.TaskTest@614ca7df]" started-at="2023-03-30T11:36:17 IST" name="login" finished-at="2023-03-30T11:36:17 IST" duration-ms="252" status="PASS">
          <reporter-output>
            <line>
              <![CDATA[login successfully]]>
            </line>
          </reporter-output>
        </test-method> <!-- login -->
        <test-method signature="createCustomer()[pri:0, instance:com.Actitime.Testscripts.TaskTest@614ca7df]" started-at="2023-03-30T11:36:17 IST" name="createCustomer" finished-at="2023-03-30T11:36:26 IST" duration-ms="8482" status="PASS">
          <reporter-output>
          </reporter-output>
        </test-method> <!-- createCustomer -->
        <test-method is-config="true" signature="logout()[pri:0, instance:com.Actitime.Testscripts.TaskTest@614ca7df]" started-at="2023-03-30T11:36:26 IST" name="logout" finished-at="2023-03-30T11:36:33 IST" duration-ms="6946" status="PASS">
          <reporter-output>
            <line>
              <![CDATA[loged out successfully]]>
            </line>
          </reporter-output>
        </test-method> <!-- logout -->
        <test-method is-config="true" signature="closeBrowser()[pri:0, instance:com.Actitime.Testscripts.TaskTest@614ca7df]" started-at="2023-03-30T11:36:33 IST" name="closeBrowser" finished-at="2023-03-30T11:36:36 IST" duration-ms="3133" status="PASS">
          <reporter-output>
            <line>
              <![CDATA[browser closed]]>
            </line>
          </reporter-output>
        </test-method> <!-- closeBrowser -->
        <test-method is-config="true" signature="databasedisconnected()[pri:0, instance:com.Actitime.Testscripts.TaskTest@614ca7df]" started-at="2023-03-30T11:36:36 IST" name="databasedisconnected" finished-at="2023-03-30T11:36:36 IST" duration-ms="0" status="PASS">
          <reporter-output>
            <line>
              <![CDATA[database disconnected]]>
            </line>
          </reporter-output>
        </test-method> <!-- databasedisconnected -->
      </class> <!-- com.Actitime.Testscripts.TaskTest -->
    </test> <!-- Default test -->
  </suite> <!-- Default suite -->
</testng-results>
